<?xml version="1.0" encoding="UTF-8"?>
<testng-results skipped="0" failed="0" ignored="0" total="1" passed="1">
  <reporter-output>
  </reporter-output>
  <suite name="Default suite" duration-ms="59784" started-at="2020-10-12T11:54:08 IST" finished-at="2020-10-12T11:55:07 IST">
    <groups>
    </groups>
    <test name="Default test" duration-ms="59784" started-at="2020-10-12T11:54:08 IST" finished-at="2020-10-12T11:55:07 IST">
      <class name="com.Vpay.Testcases.VpayLoginAdminApp">
        <test-method status="PASS" signature="setUpSuite()[pri:0, instance:com.Vpay.Testcases.VpayLoginAdminApp@56aac163]" name="setUpSuite" is-config="true" duration-ms="233" started-at="2020-10-12T11:54:07 IST" finished-at="2020-10-12T11:54:08 IST">
          <reporter-output>
          </reporter-output>
        </test-method> <!-- setUpSuite -->
        <test-method status="PASS" signature="InitilizeBrowser12()[pri:0, instance:com.Vpay.Testcases.VpayLoginAdminApp@56aac163]" name="InitilizeBrowser12" is-config="true" duration-ms="23881" started-at="2020-10-12T11:54:08 IST" finished-at="2020-10-12T11:54:31 IST">
          <reporter-output>
          </reporter-output>
        </test-method> <!-- InitilizeBrowser12 -->
        <test-method status="PASS" signature="loginaApp()[pri:0, instance:com.Vpay.Testcases.VpayLoginAdminApp@56aac163]" name="loginaApp" duration-ms="33309" started-at="2020-10-12T11:54:32 IST" finished-at="2020-10-12T11:55:05 IST">
          <reporter-output>
          </reporter-output>
        </test-method> <!-- loginaApp -->
        <test-method status="PASS" signature="tearDownMethod(org.testng.ITestResult)[pri:0, instance:com.Vpay.Testcases.VpayLoginAdminApp@56aac163]" name="tearDownMethod" is-config="true" duration-ms="1618" started-at="2020-10-12T11:55:05 IST" finished-at="2020-10-12T11:55:06 IST">
          <params>
            <param index="0">
              <value>
                <![CDATA[[TestResult name=loginaApp status=SUCCESS method=VpayLoginAdminApp.loginaApp()[pri:0, instance:com.Vpay.Testcases.VpayLoginAdminApp@56aac163] output={null}]]]>
              </value>
            </param>
          </params>
          <reporter-output>
          </reporter-output>
        </test-method> <!-- tearDownMethod -->
        <test-method status="PASS" signature="teardown()[pri:0, instance:com.Vpay.Testcases.VpayLoginAdminApp@56aac163]" name="teardown" is-config="true" duration-ms="878" started-at="2020-10-12T11:55:06 IST" finished-at="2020-10-12T11:55:07 IST">
          <reporter-output>
          </reporter-output>
        </test-method> <!-- teardown -->
      </class> <!-- com.Vpay.Testcases.VpayLoginAdminApp -->
    </test> <!-- Default test -->
  </suite> <!-- Default suite -->
</testng-results>
